TN:
SF:script/OVRFLO.s.sol
DA:13,0
FN:13,OVRFLOScript.setUp
FNDA:0,OVRFLOScript.setUp
DA:15,0
FN:15,OVRFLOScript.run
FNDA:0,OVRFLOScript.run
DA:16,0
DA:18,0
DA:20,0
DA:22,0
DA:23,0
DA:25,0
FNF:2
FNH:0
LF:8
LH:0
BRF:0
BRH:0
end_of_record
TN:
SF:script/OVRFLOBook.s.sol
DA:16,0
FN:16,OVRFLOBookScript.run
FNDA:0,OVRFLOBookScript.run
DA:17,0
DA:18,0
DA:19,0
DA:20,0
DA:21,0
DA:22,0
DA:24,0
DA:26,0
DA:27,0
BRDA:27,0,0,-
DA:28,0
DA:30,0
BRDA:30,1,0,-
DA:31,0
DA:33,0
BRDA:33,2,0,-
DA:34,0
DA:36,0
DA:38,0
DA:39,0
DA:40,0
DA:41,0
DA:42,0
DA:43,0
DA:44,0
DA:45,0
DA:47,0
DA:50,0
FN:50,OVRFLOBookScript._toUint16
FNDA:0,OVRFLOBookScript._toUint16
DA:51,0
BRDA:51,3,0,-
BRDA:51,3,1,-
DA:53,0
FNF:2
FNH:0
LF:28
LH:0
BRF:5
BRH:0
end_of_record
TN:
SF:script/SeedDevnet.s.sol
DA:25,0
FN:25,SeedDevnet.run
FNDA:0,SeedDevnet.run
DA:26,0
DA:27,0
DA:29,0
BRDA:29,0,0,-
BRDA:29,0,1,-
DA:31,0
DA:32,0
DA:34,0
DA:35,0
DA:36,0
FNF:1
FNH:0
LF:9
LH:0
BRF:2
BRH:0
end_of_record
TN:
SF:script/lib/OVRFLOSeedRunner.sol
DA:49,0
FN:49,OVRFLOSeedRunner._ensureTenderlyBroadcasterFunded
FNDA:0,OVRFLOSeedRunner._ensureTenderlyBroadcasterFunded
DA:50,0
BRDA:50,0,0,-
DA:53,0
DA:54,0
DA:55,0
DA:56,0
DA:68,0
FN:68,OVRFLOSeedRunner._runSeed
FNDA:0,OVRFLOSeedRunner._runSeed
DA:72,0
DA:74,0
DA:75,0
DA:76,0
DA:77,0
DA:79,0
DA:80,0
DA:82,0
DA:83,0
DA:84,0
BRDA:84,1,0,-
BRDA:84,1,1,-
DA:85,0
DA:86,0
BRDA:86,2,0,-
BRDA:86,2,1,-
DA:87,0
BRDA:87,3,0,-
BRDA:87,3,1,-
DA:88,0
DA:89,0
BRDA:89,4,0,-
BRDA:89,4,1,-
DA:90,0
DA:91,0
BRDA:91,5,0,-
BRDA:91,5,1,-
DA:92,0
BRDA:92,6,0,-
BRDA:92,6,1,-
DA:94,0
DA:95,0
DA:98,0
FN:98,OVRFLOSeedRunner._writeDeployments
FNDA:0,OVRFLOSeedRunner._writeDeployments
DA:105,0
DA:106,0
DA:107,0
DA:108,0
DA:109,0
DA:110,0
DA:111,0
DA:114,0
FN:114,OVRFLOSeedRunner._logSummary
FNDA:0,OVRFLOSeedRunner._logSummary
DA:122,0
DA:123,0
DA:124,0
DA:125,0
DA:126,0
DA:127,0
DA:128,0
DA:129,0
FNF:4
FNH:0
LF:44
LH:0
BRF:13
BRH:0
end_of_record
TN:
SF:script/lib/OVRFLOTestFixtures.sol
DA:38,16
FN:38,OVRFLOTestFixtures._deployConfiguredSystemAs
FNDA:16,OVRFLOTestFixtures._deployConfiguredSystemAs
DA:42,16
DA:43,16
DA:44,16
DA:45,16
DA:46,16
DA:53,4
FN:53,OVRFLOTestFixtures._prepareOracleAs
FNDA:4,OVRFLOTestFixtures._prepareOracleAs
DA:54,4
FNF:2
FNH:2
LF:8
LH:8
BRF:0
BRH:0
end_of_record
TN:
SF:src/OVRFLO.sol
DA:211,89
FN:211,OVRFLO.onlyAdmin
FNDA:89,OVRFLO.onlyAdmin
DA:212,89
BRDA:212,0,0,1
BRDA:212,0,1,4
DA:225,131
FN:225,OVRFLO.constructor
FNDA:131,OVRFLO.constructor
DA:226,131
BRDA:226,1,0,1
BRDA:226,1,1,130
DA:227,130
BRDA:227,2,0,1
BRDA:227,2,1,129
DA:228,129
BRDA:228,3,0,1
BRDA:228,3,1,128
DA:229,128
BRDA:229,4,0,1
BRDA:229,4,1,127
DA:230,127
BRDA:230,5,0,1
BRDA:230,5,1,126
DA:232,126
DA:233,126
DA:234,126
DA:235,126
DA:236,126
DA:238,126
DA:251,89
FN:251,OVRFLO.setSeriesApproved
FNDA:89,OVRFLO.setSeriesApproved
DA:255,88
DA:256,88
BRDA:256,6,0,1
BRDA:256,6,1,87
DA:257,87
BRDA:257,7,0,2
BRDA:257,7,1,85
DA:259,85
DA:260,85
DA:261,85
DA:262,85
DA:263,85
DA:265,85
DA:267,85
DA:273,5
FN:273,OVRFLO.setMarketDepositLimit
FNDA:5,OVRFLO.setMarketDepositLimit
DA:274,4
DA:275,4
DA:282,6
FN:282,OVRFLO.sweepExcessPt
FNDA:6,OVRFLO.sweepExcessPt
DA:283,4
DA:284,4
DA:285,4
DA:287,4
BRDA:287,8,0,2
BRDA:287,8,1,2
DA:288,2
DA:289,2
DA:295,65253
FN:295,OVRFLO.sweepExcessUnderlying
FNDA:65253,OVRFLO.sweepExcessUnderlying
DA:296,65252
DA:297,65252
DA:298,65252
DA:300,65252
BRDA:300,9,0,2
BRDA:300,9,1,65250
DA:301,65250
DA:302,65250
DA:311,63996
FN:311,OVRFLO.wrap
FNDA:63996,OVRFLO.wrap
DA:312,63996
BRDA:312,10,0,1
BRDA:312,10,1,63995
DA:314,63995
DA:315,63995
DA:316,63995
DA:317,63995
BRDA:317,11,0,1
BRDA:317,11,1,63994
DA:319,63994
DA:320,63994
DA:322,63994
DA:327,63652
FN:327,OVRFLO.unwrap
FNDA:63652,OVRFLO.unwrap
DA:328,63652
BRDA:328,12,0,1
BRDA:328,12,1,63651
DA:330,63651
DA:331,63651
BRDA:331,13,0,2552
BRDA:331,13,1,61099
DA:333,61099
DA:334,61099
DA:335,61098
DA:337,61098
DA:350,2015
FN:350,OVRFLO.deposit
FNDA:2015,OVRFLO.deposit
DA:354,2015
DA:355,2015
BRDA:355,14,0,1
BRDA:355,14,1,2014
DA:356,2014
BRDA:356,15,0,1
BRDA:356,15,1,2013
DA:357,2013
BRDA:357,16,0,1
BRDA:357,16,1,2012
DA:360,2012
DA:361,2012
DA:363,2012
BRDA:363,17,0,3
DA:364,3
BRDA:364,18,0,1
BRDA:364,18,1,2
DA:366,2011
DA:369,2011
DA:371,2011
DA:373,2011
DA:374,2011
BRDA:374,19,0,-
DA:375,2011
DA:377,2011
BRDA:377,20,0,1
BRDA:377,20,1,2010
DA:378,2010
BRDA:378,21,0,1
BRDA:378,21,1,2009
DA:380,2009
DA:382,2009
BRDA:382,22,0,2
DA:383,2
DA:384,2
DA:387,2009
DA:388,2009
DA:389,2009
DA:391,2009
DA:392,2009
DA:402,2009
DA:404,2009
DA:412,29890
FN:412,OVRFLO.claim
FNDA:29890,OVRFLO.claim
DA:413,29890
DA:414,29890
BRDA:414,23,0,1
BRDA:414,23,1,29889
DA:416,29889
DA:417,29889
BRDA:417,24,0,1
BRDA:417,24,1,29888
DA:418,29888
BRDA:418,25,0,1
BRDA:418,25,1,29887
DA:420,29887
DA:421,29887
BRDA:421,26,0,-
BRDA:421,26,1,29887
DA:422,29887
DA:424,29887
DA:425,29887
DA:427,29887
DA:441,30
FN:441,OVRFLO.flashLoan
FNDA:30,OVRFLO.flashLoan
DA:442,29
DA:443,29
BRDA:443,27,0,1
BRDA:443,27,1,28
DA:445,28
DA:446,28
BRDA:446,28,0,1
BRDA:446,28,1,27
DA:447,27
BRDA:447,29,0,1
BRDA:447,29,1,26
DA:448,26
BRDA:448,30,0,1
BRDA:448,30,1,25
DA:449,25
BRDA:449,31,0,1
BRDA:449,31,1,24
DA:451,24
DA:452,24
DA:453,24
DA:455,24
DA:457,24
DA:458,24
BRDA:458,32,0,1
BRDA:458,32,1,23
DA:460,23
DA:462,22
BRDA:462,33,0,7
DA:463,7
DA:466,21
DA:471,15
FN:471,OVRFLO.setFlashFeeBps
FNDA:15,OVRFLO.setFlashFeeBps
DA:472,14
BRDA:472,34,0,1
BRDA:472,34,1,13
DA:473,13
DA:474,13
DA:479,5
FN:479,OVRFLO.setFlashLoanPaused
FNDA:5,OVRFLO.setFlashLoanPaused
DA:480,4
DA:481,4
DA:491,19
FN:491,OVRFLO.series
FNDA:19,OVRFLO.series
DA:505,19
DA:506,19
DA:512,2
FN:512,OVRFLO.claimablePt
FNDA:2,OVRFLO.claimablePt
DA:513,2
BRDA:513,35,0,1
BRDA:513,35,1,1
DA:514,1
DA:520,4
FN:520,OVRFLO.previewRate
FNDA:4,OVRFLO.previewRate
DA:521,4
DA:522,4
BRDA:522,36,0,1
BRDA:522,36,1,3
DA:523,3
DA:532,4
FN:532,OVRFLO.previewStream
FNDA:4,OVRFLO.previewStream
DA:537,4
DA:538,4
BRDA:538,37,0,1
BRDA:538,37,1,3
DA:539,3
DA:540,3
DA:541,3
BRDA:541,38,0,1
DA:542,3
DA:543,3
BRDA:543,39,0,1
BRDA:543,39,1,2
DA:553,23
FN:553,OVRFLO.previewDeposit
FNDA:23,OVRFLO.previewDeposit
DA:558,23
DA:559,23
BRDA:559,40,0,1
BRDA:559,40,1,22
DA:560,22
DA:561,22
DA:562,22
BRDA:562,41,0,1
DA:563,22
DA:564,22
BRDA:564,42,0,1
BRDA:564,42,1,21
DA:565,21
FNF:18
FNH:18
LF:151
LH:151
BRF:80
BRH:78
end_of_record
TN:
SF:src/OVRFLOBook.sol
DA:284,60
FN:284,OVRFLOBook.constructor
FNDA:60,OVRFLOBook.constructor
DA:285,60
BRDA:285,0,0,1
BRDA:285,0,1,59
DA:286,59
BRDA:286,1,0,1
BRDA:286,1,1,58
DA:287,58
BRDA:287,2,0,1
BRDA:287,2,1,57
DA:289,57
DA:290,57
DA:291,57
BRDA:291,3,0,1
BRDA:291,3,1,56
DA:292,56
BRDA:292,4,0,1
BRDA:292,4,1,55
DA:293,55
BRDA:293,5,0,1
BRDA:293,5,1,54
DA:295,54
DA:296,54
DA:297,54
DA:298,54
DA:299,54
DA:300,54
DA:301,54
DA:302,54
DA:313,5
FN:313,OVRFLOBook.setAprBounds
FNDA:5,OVRFLOBook.setAprBounds
DA:314,4
BRDA:314,6,0,1
BRDA:314,6,1,3
DA:315,3
BRDA:315,7,0,1
BRDA:315,7,1,2
DA:317,2
DA:318,2
DA:320,2
DA:326,19
FN:326,OVRFLOBook.setFee
FNDA:19,OVRFLOBook.setFee
DA:327,18
BRDA:327,8,0,2
BRDA:327,8,1,16
DA:329,16
DA:331,16
DA:336,4
FN:336,OVRFLOBook.setTreasury
FNDA:4,OVRFLOBook.setTreasury
DA:337,3
BRDA:337,9,0,1
BRDA:337,9,1,2
DA:339,2
DA:341,2
DA:357,12
FN:357,OVRFLOBook.postSaleOffer
FNDA:12,OVRFLOBook.postSaleOffer
DA:362,12
DA:363,11
DA:364,11
BRDA:364,10,0,1
BRDA:364,10,1,10
DA:366,10
DA:367,10
DA:370,10
DA:372,10
DA:377,3
FN:377,OVRFLOBook.cancelSaleOffer
FNDA:3,OVRFLOBook.cancelSaleOffer
DA:378,3
DA:379,3
BRDA:379,11,0,-
BRDA:379,11,1,3
DA:380,3
BRDA:380,12,0,1
BRDA:380,12,1,2
DA:382,2
DA:383,2
DA:384,2
DA:386,2
DA:388,2
DA:398,8
FN:398,OVRFLOBook.sellIntoOffer
FNDA:8,OVRFLOBook.sellIntoOffer
DA:399,8
DA:400,8
BRDA:400,13,0,1
BRDA:400,13,1,7
DA:402,7
DA:403,6
DA:404,6
DA:405,6
BRDA:405,14,0,1
BRDA:405,14,1,5
DA:406,5
BRDA:406,15,0,1
BRDA:406,15,1,4
DA:408,4
DA:409,4
DA:410,4
BRDA:410,16,0,1
BRDA:410,16,1,3
DA:412,3
DA:413,3
BRDA:413,17,0,2
DA:414,2
DA:417,3
DA:418,3
DA:419,3
DA:421,3
DA:436,11
FN:436,OVRFLOBook.postSaleListing
FNDA:11,OVRFLOBook.postSaleListing
DA:441,11
DA:442,10
DA:444,9
DA:445,9
DA:449,9
DA:451,9
DA:456,3
FN:456,OVRFLOBook.cancelSaleListing
FNDA:3,OVRFLOBook.cancelSaleListing
DA:457,3
DA:458,3
BRDA:458,18,0,-
BRDA:458,18,1,3
DA:459,3
BRDA:459,19,0,1
BRDA:459,19,1,2
DA:461,2
DA:462,2
DA:464,2
DA:473,6
FN:473,OVRFLOBook.buyListing
FNDA:6,OVRFLOBook.buyListing
DA:474,6
DA:475,6
BRDA:475,20,0,1
BRDA:475,20,1,5
DA:477,5
DA:478,5
DA:481,5
BRDA:481,21,0,1
BRDA:481,21,1,4
DA:482,4
BRDA:482,22,0,1
BRDA:482,22,1,3
DA:484,3
DA:485,3
DA:487,3
DA:489,3
DA:490,3
DA:491,3
DA:492,3
DA:494,3
DA:512,19
FN:512,OVRFLOBook.postLendOffer
FNDA:19,OVRFLOBook.postLendOffer
DA:517,19
DA:518,19
DA:519,19
BRDA:519,23,0,1
BRDA:519,23,1,18
DA:521,18
DA:522,18
DA:525,18
DA:527,18
DA:532,3
FN:532,OVRFLOBook.cancelLendOffer
FNDA:3,OVRFLOBook.cancelLendOffer
DA:533,3
DA:534,3
BRDA:534,24,0,-
BRDA:534,24,1,3
DA:535,3
BRDA:535,25,0,1
BRDA:535,25,1,2
DA:537,2
DA:538,2
DA:539,2
DA:541,2
DA:543,2
DA:557,19
FN:557,OVRFLOBook.borrowAgainstOffer
FNDA:19,OVRFLOBook.borrowAgainstOffer
DA:562,19
BRDA:562,26,0,1
BRDA:562,26,1,18
DA:563,18
DA:564,18
BRDA:564,27,0,1
BRDA:564,27,1,17
DA:566,17
DA:567,16
DA:568,16
DA:569,16
BRDA:569,28,0,-
BRDA:569,28,1,16
DA:570,16
BRDA:570,29,0,1
BRDA:570,29,1,15
DA:571,15
BRDA:571,30,0,1
BRDA:571,30,1,14
DA:573,14
DA:574,14
DA:575,14
BRDA:575,31,0,1
BRDA:575,31,1,13
DA:576,13
DA:580,13
DA:581,13
BRDA:581,32,0,11
DA:582,11
DA:585,13
DA:587,13
DA:588,13
DA:589,13
DA:591,13
DA:609,11
FN:609,OVRFLOBook.postBorrowListing
FNDA:11,OVRFLOBook.postBorrowListing
DA:614,11
DA:615,10
BRDA:615,33,0,1
BRDA:615,33,1,9
DA:617,9
DA:618,9
DA:619,9
DA:620,9
BRDA:620,34,0,-
BRDA:620,34,1,9
DA:621,9
BRDA:621,35,0,1
BRDA:621,35,1,8
DA:623,8
DA:624,8
DA:634,8
DA:636,8
DA:641,2
FN:641,OVRFLOBook.cancelBorrowListing
FNDA:2,OVRFLOBook.cancelBorrowListing
DA:642,2
DA:643,2
BRDA:643,36,0,-
BRDA:643,36,1,2
DA:644,2
BRDA:644,37,0,1
BRDA:644,37,1,1
DA:646,1
DA:647,1
DA:649,1
DA:661,7
FN:661,OVRFLOBook.lendAgainstListing
FNDA:7,OVRFLOBook.lendAgainstListing
DA:666,7
DA:667,7
BRDA:667,38,0,1
BRDA:667,38,1,6
DA:669,6
DA:670,6
DA:671,6
DA:672,6
BRDA:672,39,0,-
BRDA:672,39,1,6
DA:673,6
BRDA:673,40,0,-
BRDA:673,40,1,6
DA:675,6
DA:678,6
BRDA:678,41,0,2
BRDA:678,41,1,4
DA:679,4
DA:680,4
DA:682,4
DA:683,4
DA:685,4
DA:686,4
DA:687,4
DA:689,4
DA:711,10
FN:711,OVRFLOBook.claimLoan
FNDA:10,OVRFLOBook.claimLoan
DA:712,10
DA:713,10
DA:714,9
BRDA:714,42,0,-
BRDA:714,42,1,9
DA:715,9
BRDA:715,43,0,1
BRDA:715,43,1,8
DA:717,8
DA:718,8
BRDA:718,44,0,1
BRDA:718,44,1,7
DA:720,7
DA:721,7
DA:723,7
DA:732,10
FN:732,OVRFLOBook.closeLoan
FNDA:10,OVRFLOBook.closeLoan
DA:733,10
DA:734,10
DA:735,9
BRDA:735,45,0,2
BRDA:735,45,1,7
DA:737,7
DA:738,7
DA:739,7
BRDA:739,46,0,2
BRDA:739,46,1,5
DA:741,5
DA:742,5
BRDA:742,47,0,4
DA:743,4
DA:744,4
DA:746,5
DA:748,5
DA:760,10
FN:760,OVRFLOBook.repayLoan
FNDA:10,OVRFLOBook.repayLoan
DA:761,10
DA:762,10
DA:763,9
BRDA:763,48,0,1
BRDA:763,48,1,8
DA:764,8
BRDA:764,49,0,1
BRDA:764,49,1,7
DA:766,7
DA:767,7
BRDA:767,50,0,-
BRDA:767,50,1,7
DA:768,7
BRDA:768,51,0,1
BRDA:768,51,1,6
DA:769,6
BRDA:769,52,0,1
BRDA:769,52,1,5
DA:771,5
DA:772,5
DA:773,3
BRDA:773,53,0,3
DA:774,3
DA:777,5
DA:778,3
BRDA:778,54,0,3
DA:779,3
DA:782,5
DA:801,7
FN:801,OVRFLOBook.quote
FNDA:7,OVRFLOBook.quote
DA:806,7
DA:807,7
DA:809,7
DA:810,7
DA:811,7
BRDA:811,55,0,-
BRDA:811,55,1,7
DA:813,7
DA:816,7
DA:817,7
DA:818,7
DA:831,5
FN:831,OVRFLOBook.loanState
FNDA:5,OVRFLOBook.loanState
DA:845,5
DA:846,5
DA:847,5
DA:866,1
FN:866,OVRFLOBook.saleOfferState
FNDA:1,OVRFLOBook.saleOfferState
DA:871,1
DA:872,1
DA:883,1
FN:883,OVRFLOBook.saleListingState
FNDA:1,OVRFLOBook.saleListingState
DA:888,1
DA:889,1
DA:899,1
FN:899,OVRFLOBook.lendOfferState
FNDA:1,OVRFLOBook.lendOfferState
DA:904,1
DA:905,1
DA:917,1
FN:917,OVRFLOBook.borrowListingState
FNDA:1,OVRFLOBook.borrowListingState
DA:930,1
DA:931,1
DA:947,53
FN:947,OVRFLOBook._validateApr
FNDA:53,OVRFLOBook._validateApr
DA:948,53
BRDA:948,56,0,3
BRDA:948,56,1,50
DA:952,61
FN:952,OVRFLOBook._requireEligible
FNDA:61,OVRFLOBook._requireEligible
DA:957,61
DA:961,30
FN:961,OVRFLOBook._requireMarketActive
FNDA:30,OVRFLOBook._requireMarketActive
DA:962,30
DA:966,49
FN:966,OVRFLOBook._timeToMaturity
FNDA:49,OVRFLOBook._timeToMaturity
DA:967,49
DA:971,40
FN:971,OVRFLOBook._pullExact
FNDA:40,OVRFLOBook._pullExact
DA:972,40
DA:973,40
DA:974,40
DA:975,40
BRDA:975,57,0,-
BRDA:975,57,1,40
DA:979,50
FN:979,OVRFLOBook._payUnderlying
FNDA:50,OVRFLOBook._payUnderlying
DA:980,50
BRDA:980,58,0,32
DA:981,32
DA:986,17
FN:986,OVRFLOBook._storeLoan
FNDA:17,OVRFLOBook._storeLoan
DA:990,17
DA:991,17
DA:1003,35
FN:1003,OVRFLOBook._requireLoanExists
FNDA:35,OVRFLOBook._requireLoanExists
DA:1004,35
BRDA:1004,59,0,3
BRDA:1004,59,1,32
DA:1008,27
FN:1008,OVRFLOBook._satisfied
FNDA:27,OVRFLOBook._satisfied
DA:1009,27
DA:1013,27
FN:1013,OVRFLOBook._outstanding
FNDA:27,OVRFLOBook._outstanding
DA:1014,27
DA:1018,8
FN:1018,OVRFLOBook._minUint128
FNDA:8,OVRFLOBook._minUint128
DA:1019,8
DA:1023,3
FN:1023,OVRFLOBook._toUint128
FNDA:3,OVRFLOBook._toUint128
DA:1024,3
BRDA:1024,60,0,-
BRDA:1024,60,1,3
DA:1026,3
FNF:37
FNH:37
LF:267
LH:267
BRF:116
BRH:103
end_of_record
TN:
SF:src/OVRFLOFactory.sol
DA:69,55
FN:69,OVRFLOFactory.constructor
FNDA:55,OVRFLOFactory.constructor
DA:70,55
BRDA:70,0,0,1
BRDA:70,0,1,54
DA:71,54
BRDA:71,1,0,1
BRDA:71,1,1,53
DA:72,53
DA:73,53
DA:85,48
FN:85,OVRFLOFactory.configureDeployment
FNDA:48,OVRFLOFactory.configureDeployment
DA:91,44
BRDA:91,2,0,1
BRDA:91,2,1,43
DA:92,43
BRDA:92,3,0,1
BRDA:92,3,1,42
DA:93,42
BRDA:93,4,0,2
BRDA:93,4,1,40
DA:94,40
BRDA:94,5,0,2
BRDA:94,5,1,38
DA:96,38
DA:104,38
DA:108,3
FN:108,OVRFLOFactory.cancelDeployment
FNDA:3,OVRFLOFactory.cancelDeployment
DA:109,2
BRDA:109,6,0,1
BRDA:109,6,1,1
DA:111,1
DA:117,37
FN:117,OVRFLOFactory.deploy
FNDA:37,OVRFLOFactory.deploy
DA:118,36
BRDA:118,7,0,1
BRDA:118,7,1,35
DA:120,35
DA:124,35
DA:128,35
DA:130,35
DA:131,35
DA:133,35
DA:135,35
DA:136,35
DA:137,35
DA:140,35
DA:148,5
FN:148,OVRFLOFactory.deployBook
FNDA:5,OVRFLOFactory.deployBook
DA:149,4
DA:150,3
BRDA:150,8,0,1
BRDA:150,8,1,2
DA:152,2
DA:153,2
DA:154,2
DA:156,2
DA:157,2
DA:159,2
DA:171,28
FN:171,OVRFLOFactory.addMarket
FNDA:28,OVRFLOFactory.addMarket
DA:172,27
DA:173,26
BRDA:173,9,0,1
BRDA:173,9,1,25
DA:174,25
BRDA:174,10,0,1
BRDA:174,10,1,24
DA:175,24
BRDA:175,11,0,1
BRDA:175,11,1,23
DA:178,23
DA:179,23
DA:180,23
BRDA:180,12,0,2
BRDA:180,12,1,21
DA:181,21
BRDA:181,13,0,2
BRDA:181,13,1,19
DA:184,19
DA:185,19
DA:187,19
DA:188,19
DA:189,19
BRDA:189,14,0,1
BRDA:189,14,1,18
DA:192,18
DA:194,17
DA:195,17
DA:196,17
DA:200,3
FN:200,OVRFLOFactory.setMarketDepositLimit
FNDA:3,OVRFLOFactory.setMarketDepositLimit
DA:201,2
DA:202,1
DA:206,4
FN:206,OVRFLOFactory.sweepExcessPt
FNDA:4,OVRFLOFactory.sweepExcessPt
DA:207,3
DA:208,2
DA:212,5
FN:212,OVRFLOFactory.sweepExcessUnderlying
FNDA:5,OVRFLOFactory.sweepExcessUnderlying
DA:213,4
DA:214,3
DA:220,3
FN:220,OVRFLOFactory.setFlashFeeBps
FNDA:3,OVRFLOFactory.setFlashFeeBps
DA:221,2
DA:222,1
DA:228,3
FN:228,OVRFLOFactory.setFlashLoanPaused
FNDA:3,OVRFLOFactory.setFlashLoanPaused
DA:229,2
DA:230,1
DA:236,18
FN:236,OVRFLOFactory.prepareOracle
FNDA:18,OVRFLOFactory.prepareOracle
DA:237,17
BRDA:237,15,0,1
BRDA:237,15,1,16
DA:238,16
DA:239,16
DA:240,13
BRDA:240,16,0,13
DA:241,13
DA:249,1
FN:249,OVRFLOFactory.getOvrfloInfo
FNDA:1,OVRFLOFactory.getOvrfloInfo
DA:250,1
DA:253,4
FN:253,OVRFLOFactory.getApprovedMarket
FNDA:4,OVRFLOFactory.getApprovedMarket
DA:254,4
DA:261,44
FN:261,OVRFLOFactory._requireKnownOvrflo
FNDA:44,OVRFLOFactory._requireKnownOvrflo
DA:262,44
BRDA:262,17,0,7
BRDA:262,17,1,37
FNF:15
FNH:15
LF:81
LH:81
BRF:35
BRH:35
end_of_record
TN:
SF:src/OVRFLOToken.sol
DA:11,68019
FN:11,OVRFLOToken.onlyOwner
FNDA:68019,OVRFLOToken.onlyOwner
DA:12,68019
BRDA:12,0,0,1
BRDA:12,0,1,128
DA:16,133
FN:16,OVRFLOToken.constructor
FNDA:133,OVRFLOToken.constructor
DA:17,133
DA:20,129
FN:20,OVRFLOToken.transferOwnership
FNDA:129,OVRFLOToken.transferOwnership
DA:21,128
BRDA:21,1,0,1
BRDA:21,1,1,127
DA:22,127
DA:23,127
DA:26,68019
FN:26,OVRFLOToken.mint
FNDA:68019,OVRFLOToken.mint
DA:27,68017
DA:30,90990
FN:30,OVRFLOToken.burn
FNDA:90990,OVRFLOToken.burn
DA:31,90989
FNF:5
FNH:5
LF:12
LH:12
BRF:4
BRH:4
end_of_record
TN:
SF:src/StreamPricing.sol
DA:111,6729
FN:111,StreamPricing.factor
FNDA:6729,StreamPricing.factor
DA:112,6729
DA:122,2376
FN:122,StreamPricing.grossPrice
FNDA:2376,StreamPricing.grossPrice
DA:123,2376
DA:134,2804
FN:134,StreamPricing.obligation
FNDA:2804,StreamPricing.obligation
DA:135,2804
DA:136,2804
DA:137,2804
BRDA:137,0,0,2491
DA:138,2491
DA:140,2804
BRDA:140,1,0,256
BRDA:140,1,1,2548
DA:142,2548
DA:156,1557
FN:156,StreamPricing.obligationForFill
FNDA:1557,StreamPricing.obligationForFill
DA:163,1557
BRDA:163,2,0,292
DA:164,292
DA:166,1265
DA:173,551
FN:173,StreamPricing.fee
FNDA:551,StreamPricing.fee
DA:174,551
DA:187,103
FN:187,StreamPricing.marketActive
FNDA:103,StreamPricing.marketActive
DA:192,103
BRDA:192,3,0,2
DA:193,101
DA:194,101
BRDA:194,4,0,1
DA:195,100
BRDA:195,5,0,2
DA:196,98
DA:211,74
FN:211,StreamPricing.requireEligible
FNDA:74,StreamPricing.requireEligible
DA:216,74
DA:217,74
DA:219,74
DA:220,74
BRDA:220,6,0,1
DA:222,73
DA:223,68
BRDA:223,7,0,2
DA:224,66
BRDA:224,8,0,1
DA:225,65
BRDA:225,9,0,-
DA:227,65
BRDA:227,10,0,2
DA:228,63
BRDA:228,11,0,1
DA:229,62
BRDA:229,12,0,1
DA:231,61
DA:232,61
DA:233,61
BRDA:233,13,0,1
DA:235,60
FNF:7
FNH:7
LF:39
LH:39
BRF:15
BRH:14
end_of_record
TN:
SF:test/OVRFLO.t.sol
DA:15,112
FN:15,MockERC20Metadata.constructor
FNDA:112,MockERC20Metadata.constructor
DA:16,112
DA:19,0
FN:19,MockERC20Metadata.decimals
FNDA:0,MockERC20Metadata.decimals
DA:20,0
DA:23,28
FN:23,MockERC20Metadata.mint
FNDA:28,MockERC20Metadata.mint
DA:24,28
FNF:3
FNH:2
LF:6
LH:4
BRF:0
BRH:0
end_of_record
TN:
SF:test/OVRFLOBook.t.sol
DA:12,46
FN:12,OVRFLOBookMockERC20.mint
FNDA:46,OVRFLOBookMockERC20.mint
DA:13,46
DA:27,50
FN:27,OVRFLOBookMockFactory.setInfo
FNDA:50,OVRFLOBookMockFactory.setInfo
DA:28,50
DA:31,49
FN:31,OVRFLOBookMockFactory.setMarketApproved
FNDA:49,OVRFLOBookMockFactory.setMarketApproved
DA:32,49
DA:35,104
FN:35,OVRFLOBookMockFactory.ovrfloInfo
FNDA:104,OVRFLOBookMockFactory.ovrfloInfo
DA:40,104
DA:41,104
DA:59,48
FN:59,OVRFLOBookMockCore.setSeries
FNDA:48,OVRFLOBookMockCore.setSeries
DA:62,48
DA:74,80
FN:74,OVRFLOBookMockCore.series
FNDA:80,OVRFLOBookMockCore.series
DA:88,80
DA:89,80
DA:120,36
FN:120,OVRFLOBookMockSablier.setStream
FNDA:36,OVRFLOBookMockSablier.setStream
DA:131,36
DA:133,36
BRDA:133,0,0,36
DA:134,36
DA:135,36
DA:148,11
FN:148,OVRFLOBookMockSablier.setWithdrawable
FNDA:11,OVRFLOBookMockSablier.setWithdrawable
DA:149,11
DA:152,35
FN:152,OVRFLOBookMockSablier.approve
FNDA:35,OVRFLOBookMockSablier.approve
DA:153,35
BRDA:153,1,0,-
BRDA:153,1,1,35
DA:154,35
DA:157,0
FN:157,OVRFLOBookMockSablier.setApprovalForAll
FNDA:0,OVRFLOBookMockSablier.setApprovalForAll
DA:158,0
DA:161,41
FN:161,OVRFLOBookMockSablier.transferFrom
FNDA:41,OVRFLOBookMockSablier.transferFrom
DA:162,41
DA:163,41
BRDA:163,2,0,-
BRDA:163,2,1,41
DA:164,41
BRDA:164,3,0,-
BRDA:164,3,1,41
DA:168,41
BRDA:168,4,0,-
BRDA:168,4,1,41
DA:170,41
DA:174,15
FN:174,OVRFLOBookMockSablier.ownerOf
FNDA:15,OVRFLOBookMockSablier.ownerOf
DA:175,15
DA:178,51
FN:178,OVRFLOBookMockSablier.getSender
FNDA:51,OVRFLOBookMockSablier.getSender
DA:179,51
DA:182,51
FN:182,OVRFLOBookMockSablier.getAsset
FNDA:51,OVRFLOBookMockSablier.getAsset
DA:183,51
DA:186,51
FN:186,OVRFLOBookMockSablier.getEndTime
FNDA:51,OVRFLOBookMockSablier.getEndTime
DA:187,51
DA:190,51
FN:190,OVRFLOBookMockSablier.getStartTime
FNDA:51,OVRFLOBookMockSablier.getStartTime
DA:191,51
DA:194,51
FN:194,OVRFLOBookMockSablier.getCliffTime
FNDA:51,OVRFLOBookMockSablier.getCliffTime
DA:195,51
DA:198,51
FN:198,OVRFLOBookMockSablier.isCancelable
FNDA:51,OVRFLOBookMockSablier.isCancelable
DA:199,51
DA:202,51
FN:202,OVRFLOBookMockSablier.getDepositedAmount
FNDA:51,OVRFLOBookMockSablier.getDepositedAmount
DA:203,51
DA:206,55
FN:206,OVRFLOBookMockSablier.getWithdrawnAmount
FNDA:55,OVRFLOBookMockSablier.getWithdrawnAmount
DA:207,55
DA:210,22
FN:210,OVRFLOBookMockSablier.withdrawableAmountOf
FNDA:22,OVRFLOBookMockSablier.withdrawableAmountOf
DA:211,22
DA:212,22
DA:213,22
DA:216,9
FN:216,OVRFLOBookMockSablier.withdraw
FNDA:9,OVRFLOBookMockSablier.withdraw
DA:217,9
BRDA:217,5,0,-
BRDA:217,5,1,9
DA:218,9
DA:219,9
BRDA:219,6,0,-
BRDA:219,6,1,9
DA:221,9
DA:222,9
DA:223,9
FNF:22
FNH:21
LF:61
LH:59
BRF:13
BRH:7
end_of_record
TN:
SF:test/OVRFLOFactory.t.sol
DA:16,40
FN:16,MockERC20Metadata.constructor.0
FNDA:40,MockERC20Metadata.constructor.0
DA:17,40
DA:20,0
FN:20,MockERC20Metadata.decimals
FNDA:0,MockERC20Metadata.decimals
DA:21,0
DA:29,11
FN:29,MockPrincipalToken.constructor.1
FNDA:11,MockPrincipalToken.constructor.1
DA:30,11
DA:31,11
DA:34,1
FN:34,MockPrincipalToken.mint
FNDA:1,MockPrincipalToken.mint
DA:35,1
DA:38,0
FN:38,MockPrincipalToken.burnByYT
FNDA:0,MockPrincipalToken.burnByYT
DA:39,0
DA:42,0
FN:42,MockPrincipalToken.mintByYT
FNDA:0,MockPrincipalToken.mintByYT
DA:43,0
DA:46,0
FN:46,MockPrincipalToken.initialize
FNDA:0,MockPrincipalToken.initialize
DA:48,0
FN:48,MockPrincipalToken.SY
FNDA:0,MockPrincipalToken.SY
DA:49,0
DA:52,0
FN:52,MockPrincipalToken.YT
FNDA:0,MockPrincipalToken.YT
DA:53,0
DA:56,0
FN:56,MockPrincipalToken.factory
FNDA:0,MockPrincipalToken.factory
DA:57,0
DA:60,0
FN:60,MockPrincipalToken.expiry.0
FNDA:0,MockPrincipalToken.expiry.0
DA:61,0
DA:64,0
FN:64,MockPrincipalToken.isExpired
FNDA:0,MockPrincipalToken.isExpired
DA:65,0
DA:75,12
FN:75,MockPendleMarket.constructor.2
FNDA:12,MockPendleMarket.constructor.2
DA:76,12
DA:77,12
DA:78,12
DA:81,6
FN:81,MockPendleMarket.expiry.1
FNDA:6,MockPendleMarket.expiry.1
DA:82,6
DA:85,2
FN:85,MockPendleMarket.increaseObservationsCardinalityNext
FNDA:2,MockPendleMarket.increaseObservationsCardinalityNext
DA:86,2
DA:89,7
FN:89,MockPendleMarket.readTokens
FNDA:7,MockPendleMarket.readTokens
DA:90,7
FNF:16
FNH:7
LF:34
LH:17
BRF:0
BRH:0
end_of_record
TN:
SF:test/OVRFLOFlashLoan.t.sol
DA:17,133
FN:17,MockERC20.mint
FNDA:133,MockERC20.mint
DA:18,133
DA:55,42
FN:55,FlashBorrower.constructor
FNDA:42,FlashBorrower.constructor
DA:56,42
DA:59,1
FN:59,FlashBorrower.setReturnSuccess
FNDA:1,FlashBorrower.setReturnSuccess
DA:60,1
DA:63,2
FN:63,FlashBorrower.configureDeposit
FNDA:2,FlashBorrower.configureDeposit
DA:64,2
DA:65,2
DA:66,2
DA:69,2
FN:69,FlashBorrower.configureUnwrap
FNDA:2,FlashBorrower.configureUnwrap
DA:70,2
DA:71,2
DA:74,1
FN:74,FlashBorrower.configureNestedFlashLoan
FNDA:1,FlashBorrower.configureNestedFlashLoan
DA:75,1
DA:76,1
DA:77,1
DA:80,1
FN:80,FlashBorrower.configureWrap
FNDA:1,FlashBorrower.configureWrap
DA:81,1
DA:82,1
DA:85,1
FN:85,FlashBorrower.configureSweep
FNDA:1,FlashBorrower.configureSweep
DA:86,1
DA:87,1
DA:88,1
DA:91,0
FN:91,FlashBorrower.resetConfig
FNDA:0,FlashBorrower.resetConfig
DA:92,0
DA:93,0
DA:94,0
DA:95,0
DA:96,0
DA:100,29
FN:100,FlashBorrower.executeFlashLoan
FNDA:29,FlashBorrower.executeFlashLoan
DA:101,29
DA:104,24
FN:104,FlashBorrower.onFlashLoan
FNDA:24,FlashBorrower.onFlashLoan
DA:105,24
BRDA:105,0,0,-
BRDA:105,0,1,24
DA:107,24
DA:108,24
DA:110,2
BRDA:110,1,0,2
DA:111,2
DA:112,2
DA:115,2
BRDA:115,2,0,2
DA:116,2
DA:117,2
DA:120,1
BRDA:120,3,0,1
DA:121,1
DA:122,1
DA:125,1
BRDA:125,4,0,1
DA:126,1
DA:127,1
DA:130,1
BRDA:130,5,0,1
DA:131,1
DA:132,1
DA:135,24
FNF:11
FNH:10
LF:52
LH:46
BRF:7
BRH:6
end_of_record
TN:
SF:test/OVRFLOWrapUnwrap.invariant.t.sol
DA:14,131127
FN:14,InvariantMockERC20.mint
FNDA:131127,InvariantMockERC20.mint
DA:15,131127
DA:24,3
FN:24,InvariantOvrfloAdmin.setInfo
FNDA:3,InvariantOvrfloAdmin.setInfo
DA:25,3
DA:26,3
DA:27,3
DA:30,3
FN:30,InvariantOvrfloAdmin.approveSeries
FNDA:3,InvariantOvrfloAdmin.approveSeries
DA:31,3
DA:34,65247
FN:34,InvariantOvrfloAdmin.sweepExcessUnderlying.0
FNDA:65247,InvariantOvrfloAdmin.sweepExcessUnderlying.0
DA:35,65247
DA:38,0
FN:38,InvariantOvrfloAdmin.ovrfloInfo
FNDA:0,InvariantOvrfloAdmin.ovrfloInfo
DA:39,0
DA:58,3
FN:58,OVRFLOWrapUnwrapHandler.constructor
FNDA:3,OVRFLOWrapUnwrapHandler.constructor
DA:67,3
DA:68,3
DA:69,3
DA:70,3
DA:71,3
DA:72,3
DA:73,3
DA:75,3
DA:78,64836
FN:78,OVRFLOWrapUnwrapHandler.deposit
FNDA:64836,OVRFLOWrapUnwrapHandler.deposit
DA:79,64836
BRDA:79,0,0,64836
DA:81,1947
DA:82,1947
DA:84,1947
DA:86,1947
DA:87,1947
DA:88,1947
DA:89,1947
DA:92,63873
FN:92,OVRFLOWrapUnwrapHandler.claim
FNDA:63873,OVRFLOWrapUnwrapHandler.claim
DA:93,63873
DA:94,63873
BRDA:94,1,0,32477
DA:96,31396
DA:97,31396
DA:98,31396
BRDA:98,2,0,1514
DA:100,29882
DA:101,29882
DA:103,29882
BRDA:103,3,0,771
DA:104,771
DA:107,29882
DA:108,29882
DA:111,63933
FN:111,OVRFLOWrapUnwrapHandler.wrap
FNDA:63933,OVRFLOWrapUnwrapHandler.wrap
DA:112,63933
DA:113,63933
DA:115,63933
DA:117,63933
DA:118,63933
DA:119,63933
DA:120,63933
DA:122,63933
DA:125,63942
FN:125,OVRFLOWrapUnwrapHandler.unwrap
FNDA:63942,OVRFLOWrapUnwrapHandler.unwrap
DA:126,63942
DA:127,63942
DA:128,63942
BRDA:128,4,0,2856
DA:130,61086
DA:132,61086
DA:133,61086
DA:135,61086
DA:138,63669
FN:138,OVRFLOWrapUnwrapHandler.unwrapBeyondReserve
FNDA:63669,OVRFLOWrapUnwrapHandler.unwrapBeyondReserve
DA:139,63669
DA:140,63669
DA:141,63669
DA:142,63669
BRDA:142,5,0,61121
DA:144,2548
DA:145,2548
DA:147,2548
DA:148,2548
DA:149,2548
DA:151,2548
DA:152,2548
DA:155,65247
FN:155,OVRFLOWrapUnwrapHandler.sweepExcessUnderlying.1
FNDA:65247,OVRFLOWrapUnwrapHandler.sweepExcessUnderlying.1
DA:156,65247
DA:157,65247
DA:158,65247
DA:161,224887
FN:161,OVRFLOWrapUnwrapHandler._actor
FNDA:224887,OVRFLOWrapUnwrapHandler._actor
DA:162,224887
DA:165,93824
FN:165,OVRFLOWrapUnwrapHandler._min
FNDA:93824,OVRFLOWrapUnwrapHandler._min
DA:166,93824
FNF:14
FNH:13
LF:79
LH:77
BRF:6
BRH:6
end_of_record
TN:
SF:test/OVRFLOWrapUnwrap.t.sol
DA:13,16
FN:13,WrapMockERC20.mint
FNDA:16,WrapMockERC20.mint
DA:14,16
DA:23,15
FN:23,MockOvrfloAdmin.constructor
FNDA:15,MockOvrfloAdmin.constructor
DA:24,15
DA:25,15
DA:26,15
DA:29,0
FN:29,MockOvrfloAdmin.setInfo
FNDA:0,MockOvrfloAdmin.setInfo
DA:30,0
DA:31,0
DA:32,0
DA:35,0
FN:35,MockOvrfloAdmin.ovrfloInfo
FNDA:0,MockOvrfloAdmin.ovrfloInfo
DA:36,0
DA:49,1
FN:49,ReentrantUnderlying.configureAttack
FNDA:1,ReentrantUnderlying.configureAttack
DA:50,1
DA:51,1
DA:52,1
DA:53,1
DA:54,1
DA:57,1
FN:57,ReentrantUnderlying.transfer
FNDA:1,ReentrantUnderlying.transfer
DA:58,1
BRDA:58,0,0,1
DA:59,1
DA:60,1
DA:63,1
DA:70,1
FN:70,ShortTransferUnderlying.transferFrom
FNDA:1,ShortTransferUnderlying.transferFrom
DA:71,1
FNF:7
FNH:5
LF:25
LH:19
BRF:1
BRH:1
end_of_record
TN:
SF:test/StreamPricing.math.t.sol
DA:9,266
FN:9,MathHarness.factor
FNDA:266,MathHarness.factor
DA:10,266
DA:13,2065
FN:13,MathHarness.grossPrice
FNDA:2065,MathHarness.grossPrice
DA:14,2065
DA:17,1279
FN:17,MathHarness.obligation
FNDA:1279,MathHarness.obligation
DA:18,1279
DA:21,1530
FN:21,MathHarness.obligationForFill
FNDA:1530,MathHarness.obligationForFill
DA:26,1530
DA:29,515
FN:29,MathHarness.fee
FNDA:515,MathHarness.fee
DA:30,515
FNF:5
FNH:5
LF:10
LH:10
BRF:0
BRH:0
end_of_record
TN:
SF:test/StreamPricing.t.sol
DA:23,19
FN:23,StreamPricingMockFactory.setInfo
FNDA:19,StreamPricingMockFactory.setInfo
DA:24,19
DA:27,21
FN:27,StreamPricingMockFactory.setMarketApproved
FNDA:21,StreamPricingMockFactory.setMarketApproved
DA:28,21
DA:31,13
FN:31,StreamPricingMockFactory.ovrfloInfo
FNDA:13,StreamPricingMockFactory.ovrfloInfo
DA:36,13
DA:37,13
DA:55,21
FN:55,StreamPricingMockCore.setSeries
FNDA:21,StreamPricingMockCore.setSeries
DA:64,21
DA:76,11
FN:76,StreamPricingMockCore.series
FNDA:11,StreamPricingMockCore.series
DA:90,11
DA:91,11
DA:118,24
FN:118,StreamPricingMockSablier.setStream
FNDA:24,StreamPricingMockSablier.setStream
DA:128,24
DA:130,24
BRDA:130,0,0,24
DA:131,24
DA:143,1
FN:143,StreamPricingMockSablier.setStreamWithStartTime
FNDA:1,StreamPricingMockSablier.setStreamWithStartTime
DA:154,1
DA:166,9
FN:166,StreamPricingMockSablier.getSender
FNDA:9,StreamPricingMockSablier.getSender
DA:167,9
DA:170,8
FN:170,StreamPricingMockSablier.getAsset
FNDA:8,StreamPricingMockSablier.getAsset
DA:171,8
DA:174,5
FN:174,StreamPricingMockSablier.getStartTime
FNDA:5,StreamPricingMockSablier.getStartTime
DA:175,5
DA:178,7
FN:178,StreamPricingMockSablier.getEndTime
FNDA:7,StreamPricingMockSablier.getEndTime
DA:179,7
DA:182,5
FN:182,StreamPricingMockSablier.getCliffTime
FNDA:5,StreamPricingMockSablier.getCliffTime
DA:183,5
DA:186,4
FN:186,StreamPricingMockSablier.isCancelable
FNDA:4,StreamPricingMockSablier.isCancelable
DA:187,4
DA:190,3
FN:190,StreamPricingMockSablier.getDepositedAmount
FNDA:3,StreamPricingMockSablier.getDepositedAmount
DA:191,3
DA:194,3
FN:194,StreamPricingMockSablier.getWithdrawnAmount
FNDA:3,StreamPricingMockSablier.getWithdrawnAmount
DA:195,3
DA:200,13
FN:200,StreamPricingHarness.requireEligible
FNDA:13,StreamPricingHarness.requireEligible
DA:205,13
FNF:16
FNH:16
LF:36
LH:36
BRF:1
BRH:1
end_of_record
TN:
SF:test/fork/OVRFLOForkBase.t.sol
DA:17,15
FN:17,OVRFLOForkBase.setUp
FNDA:15,OVRFLOForkBase.setUp
DA:18,15
DA:21,16
FN:21,OVRFLOForkBase._deployConfiguredSystem
FNDA:16,OVRFLOForkBase._deployConfiguredSystem
DA:22,16
DA:23,16
DA:24,16
DA:27,4
FN:27,OVRFLOForkBase._prepareOracle
FNDA:4,OVRFLOForkBase._prepareOracle
DA:28,4
DA:29,4
DA:32,10
FN:32,OVRFLOForkBase._seedWstEth
FNDA:10,OVRFLOForkBase._seedWstEth
DA:33,10
DA:34,10
DA:36,10
DA:37,10
DA:38,10
DA:39,10
DA:41,10
DA:42,10
DA:44,10
DA:45,10
DA:46,10
DA:48,10
FNF:4
FNH:4
LF:22
LH:22
BRF:0
BRH:0
end_of_record
